{
  "RSpec": {
    "coverage": {
      "/Users/emmaspencer/code/homework/ga-string-analysis-homework/lib/string_analysis.rb": [
        1,
        null,
        1,
        5,
        null,
        null,
        1,
        4,
        null,
        null,
        1,
        2,
        null,
        null,
        1,
        1,
        1,
        1,
        6,
        6,
        null,
        1,
        null,
        null,
        null,
        null,
        null,
        null
      ]
    },
    "timestamp": 1381104349
  }
}
